{
  "RSpec": {
    "coverage": {
      "/home/bagasys/Gigih/Modul4/Session2/Homework/spec/increment_array_spec.rb": {
        "lines": [
          1,
          null,
          1,
          1,
          null,
          1,
          null,
          null,
          1,
          null,
          null,
          1,
          null,
          null,
          1,
          null,
          1,
          null,
          null,
          1,
          null,
          null,
          1,
          null,
          null,
          1,
          null,
          1,
          null,
          null,
          1,
          null,
          null,
          1,
          null,
          null,
          1,
          null,
          1,
          null,
          null,
          1,
          null,
          null,
          1,
          null,
          null,
          1,
          null,
          1,
          null,
          null,
          1,
          null,
          null,
          1,
          null,
          null
        ]
      },
      "/home/bagasys/Gigih/Modul4/Session2/Homework/src/array_incrementer.rb": {
        "lines": [
          1,
          1,
          5,
          5,
          null,
          5,
          1,
          null,
          null,
          4,
          4,
          null,
          4,
          5,
          3,
          3,
          null,
          2,
          2,
          null,
          5,
          null,
          null,
          4,
          2,
          null,
          4,
          null,
          null
        ]
      }
    },
    "timestamp": 1627613178
  }
}
